<html>
<head>
<title>TestNG:  construction_de_commande.TesterLeParametreDeCommand</title>
<link href="../testng.css" rel="stylesheet" type="text/css" />
<link href="../my-testng.css" rel="stylesheet" type="text/css" />

<style type="text/css">
.log { display: none;} 
.stack-trace { display: none;} 
</style>
<script type="text/javascript">
<!--
function flip(e) {
  current = e.style.display;
  if (current == 'block') {
    e.style.display = 'none';
    return 0;
  }
  else {
    e.style.display = 'block';
    return 1;
  }
}

function toggleBox(szDivId, elem, msg1, msg2)
{
  var res = -1;  if (document.getElementById) {
    res = flip(document.getElementById(szDivId));
  }
  else if (document.all) {
    // this is the way old msie versions work
    res = flip(document.all[szDivId]);
  }
  if(elem) {
    if(res == 0) elem.innerHTML = msg1; else elem.innerHTML = msg2;
  }

}

function toggleAllBoxes() {
  if (document.getElementsByTagName) {
    d = document.getElementsByTagName('div');
    for (i = 0; i < d.length; i++) {
      if (d[i].className == 'log') {
        flip(d[i]);
      }
    }
  }
}

// -->
</script>

</head>
<body>
<h2 align='center'>construction_de_commande.TesterLeParametreDeCommand</h2><table border='1' align="center">
<tr>
<td>Tests passed/Failed/Skipped:</td><td>0/1/0</td>
</tr><tr>
<td>Started on:</td><td>Thu Aug 08 16:29:43 CEST 2024</td>
</tr>
<tr><td>Total time:</td><td>30 seconds (30576 ms)</td>
</tr><tr>
<td>Included groups:</td><td></td>
</tr><tr>
<td>Excluded groups:</td><td></td>
</tr>
</table><p/>
<small><i>(Hover the method name to see the test class name)</i></small><p/>
<table width='100%' border='1' class='invocation-failed'>
<tr><td colspan='4' align='center'><b>FAILED TESTS</b></td></tr>
<tr><td><b>Test method</b></td>
<td><b>Attribute(s)</b></td>
<td width="30%"><b>Exception</b></td>
<td width="10%"><b>Time (seconds)</b></td>
<td><b>Instance</b></td>
</tr>
<tr>
<td title='construction_de_commande.TesterLeParametreDeCommand.TcTesterLeParametreDeCommand()'><b>TcTesterLeParametreDeCommand</b><br>Test class: construction_de_commande.TesterLeParametreDeCommand (construction_de_commande.TesterLeParametreDeCommand)<br/>
<a href="#Output-1622546120" onClick='toggleBox("Output-1622546120", this, "Show output", "Hide output");'>Show output</a>

<a href="#Output-1622546120" onClick="toggleAllBoxes();">Show all outputs</a>
<div class='log' id="Output-1622546120">
- Subscript -> {"called":"subscripts.TesterLeParametreDeCommandeSubscript","iteration":"1/2","type":"dataFile","url":"C:\\Users\\AishwaryaMANORE\\Documents\\AgilitestProjects\\QAFOOD\\target\\classes\\assets\\data\\data_construction_de_commande\\TesterParametreDeCommand.csv","parameters":[{"Browser":"chrome"},{"EmailID":"aishwarya.manore@aldemia.fr"},{"Password":"Password"},{"FoodItem":"Feuillet√©s poulet bacon"},{"LiveraisonOuEmporter":"Livraison"},{"Temps":"19:30"},{"Toppings":"Sauce douce"}],"name":"construction_de_commande.TesterLeParametreDeCommand","line":0}<br/>
- ELEMENT_NOT_FOUND INPUT[name="rpress_user_login",type="AishwaryaMANORE"] after 10407 ms<br/>
- ActionText (subscripts.TesterLeParametreDeCommandeSubscript:3) (Executed action :ActionText)<br/>
- ActionText (subscripts.TesterLeParametreDeCommandeSubscript:3) (Executed action :ActionText) after 0 ms<br/>
</div>
</td>
<td><div><pre>java.lang.AssertionError: ActionText (subscripts.TesterLeParametreDeCommandeSubscript:3) (Executed action :ActionText) after 0 ms
	at org.testng.Assert.fail(Assert.java:111)
	at com.ats.executor.ActionTestScript.scriptFail(ActionTestScript.java:215)
	at com.ats.executor.ActionTestScript.exec(ActionTestScript.java:1133)
	at construction_de_commande.TesterLeParametreDeCommand.TcTesterLeParametreDeCommand(TesterLeParametreDeCommand.java:79)
	at java.base/jdk.internal.reflect.DirectMethodHandleAccessor.invoke(DirectMethodHandleAccessor.java:103)
	at java.base/java.lang.reflect.Method.invoke(Method.java:580)
	at org.testng.internal.invokers.MethodInvocationHelper.invokeMethod(MethodInvocationHelper.java:141)
	at org.testng.internal.invokers.TestInvoker.invokeMethod(TestInvoker.java:686)
	at org.testng.internal.invokers.TestInvoker.invokeTestMethod(TestInvoker.java:230)
	at org.testng.internal.invokers.MethodRunner.runInSequence(MethodRunner.java:63)
	at org.testng.internal.invokers.TestInvoker$MethodInvocationAgent.invoke(TestInvoker.java:992)
	at org.testng.internal.invokers.TestInvoker.invokeTestMethods(TestInvoker.java:203)
	at org.testng.internal.invokers.TestMethodWorker.invokeTestMethods(TestMethodWorker.java:154)
	at org.testng.internal.invokers.TestMethodWorker.run(TestMethodWorker.java:134)
	at java.base/java.util.ArrayList.forEach(ArrayList.java:1596)
	at org.testng.TestRunner.privateRun(TestRunner.java:739)
	at org.testng.TestRunner.run(TestRunner.java:614)
	at org.testng.SuiteRunner.runTest(SuiteRunner.java:421)
	at org.testng.SuiteRunner.runSequentially(SuiteRunner.java:413)
	at org.testng.SuiteRunner.privateRun(SuiteRunner.java:373)
	at org.testng.SuiteRunner.run(SuiteRunner.java:312)
	at org.testng.SuiteRunnerWorker.runSuite(SuiteRunnerWorker.java:52)
	at org.testng.SuiteRunnerWorker.run(SuiteRunnerWorker.java:95)
	at org.testng.TestNG.runSuitesSequentially(TestNG.java:1274)
	at org.testng.TestNG.runSuitesLocally(TestNG.java:1208)
	at org.testng.TestNG.runSuites(TestNG.java:1112)
	at org.testng.TestNG.run(TestNG.java:1079)
	at org.testng.TestNG.privateMain(TestNG.java:1430)
	at org.testng.TestNG.main(TestNG.java:1394)
</pre></div><a href='#' onClick='toggleBox("stack-trace1622546120", this, "Click to show all stack frames", "Click to hide stack frames")'>Click to show all stack frames</a>
<div class='stack-trace' id='stack-trace1622546120'><pre>java.lang.AssertionError: ActionText (subscripts.TesterLeParametreDeCommandeSubscript:3) (Executed action :ActionText) after 0 ms
	at org.testng.Assert.fail(Assert.java:111)
	at com.ats.executor.ActionTestScript.scriptFail(ActionTestScript.java:215)
	at com.ats.executor.ActionTestScript.exec(ActionTestScript.java:1133)
	at construction_de_commande.TesterLeParametreDeCommand.TcTesterLeParametreDeCommand(TesterLeParametreDeCommand.java:79)
	at java.base/jdk.internal.reflect.DirectMethodHandleAccessor.invoke(DirectMethodHandleAccessor.java:103)
	at java.base/java.lang.reflect.Method.invoke(Method.java:580)
	at org.testng.internal.invokers.MethodInvocationHelper.invokeMethod(MethodInvocationHelper.java:141)
	at org.testng.internal.invokers.TestInvoker.invokeMethod(TestInvoker.java:686)
	at org.testng.internal.invokers.TestInvoker.invokeTestMethod(TestInvoker.java:230)
	at org.testng.internal.invokers.MethodRunner.runInSequence(MethodRunner.java:63)
	at org.testng.internal.invokers.TestInvoker$MethodInvocationAgent.invoke(TestInvoker.java:992)
	at org.testng.internal.invokers.TestInvoker.invokeTestMethods(TestInvoker.java:203)
	at org.testng.internal.invokers.TestMethodWorker.invokeTestMethods(TestMethodWorker.java:154)
	at org.testng.internal.invokers.TestMethodWorker.run(TestMethodWorker.java:134)
	at java.base/java.util.ArrayList.forEach(ArrayList.java:1596)
	at org.testng.TestRunner.privateRun(TestRunner.java:739)
	at org.testng.TestRunner.run(TestRunner.java:614)
	at org.testng.SuiteRunner.runTest(SuiteRunner.java:421)
	at org.testng.SuiteRunner.runSequentially(SuiteRunner.java:413)
	at org.testng.SuiteRunner.privateRun(SuiteRunner.java:373)
	at org.testng.SuiteRunner.run(SuiteRunner.java:312)
	at org.testng.SuiteRunnerWorker.runSuite(SuiteRunnerWorker.java:52)
	at org.testng.SuiteRunnerWorker.run(SuiteRunnerWorker.java:95)
	at org.testng.TestNG.runSuitesSequentially(TestNG.java:1274)
	at org.testng.TestNG.runSuitesLocally(TestNG.java:1208)
	at org.testng.TestNG.runSuites(TestNG.java:1112)
	at org.testng.TestNG.run(TestNG.java:1079)
	at org.testng.TestNG.privateMain(TestNG.java:1430)
	at org.testng.TestNG.main(TestNG.java:1394)
</pre></div></td>
<td>21</td>
<td>construction_de_commande.TesterLeParametreDeCommand@2f67b837</td></tr>
</table><p>
</body>
</html>