<?xml version="1.0" encoding="UTF-8"?>
<!-- Generated by org.testng.reporters.JUnitReportReporter -->
<testsuite hostname="ALDEMIA-y" failures="1" tests="1" name="construction_de_commande.TesterLeParametreDeCommand" time="30.532" errors="0" timestamp="2024-08-08T16:30:14 CEST" skipped="0">
  <testcase classname="construction_de_commande.TesterLeParametreDeCommand" name="TcTesterLeParametreDeCommand" time="30.532">
    <failure message="ActionText (subscripts.TesterLeParametreDeCommandeSubscript:3) (Executed action :ActionText) after 0 ms" type="java.lang.AssertionError">
      <![CDATA[java.lang.AssertionError: ActionText (subscripts.TesterLeParametreDeCommandeSubscript:3) (Executed action :ActionText) after 0 ms
at org.testng.Assert.fail(Assert.java:111)
at com.ats.executor.ActionTestScript.scriptFail(ActionTestScript.java:215)
at com.ats.executor.ActionTestScript.exec(ActionTestScript.java:1133)
at construction_de_commande.TesterLeParametreDeCommand.TcTesterLeParametreDeCommand(TesterLeParametreDeCommand.java:79)
at java.base/jdk.internal.reflect.DirectMethodHandleAccessor.invoke(DirectMethodHandleAccessor.java:103)
at java.base/java.lang.reflect.Method.invoke(Method.java:580)
at org.testng.internal.invokers.MethodInvocationHelper.invokeMethod(MethodInvocationHelper.java:141)
at org.testng.internal.invokers.TestInvoker.invokeMethod(TestInvoker.java:686)
at org.testng.internal.invokers.TestInvoker.invokeTestMethod(TestInvoker.java:230)
at org.testng.internal.invokers.MethodRunner.runInSequence(MethodRunner.java:63)
at org.testng.internal.invokers.TestInvoker$MethodInvocationAgent.invoke(TestInvoker.java:992)
at org.testng.internal.invokers.TestInvoker.invokeTestMethods(TestInvoker.java:203)
at org.testng.internal.invokers.TestMethodWorker.invokeTestMethods(TestMethodWorker.java:154)
at org.testng.internal.invokers.TestMethodWorker.run(TestMethodWorker.java:134)
at java.base/java.util.ArrayList.forEach(ArrayList.java:1596)
at org.testng.TestRunner.privateRun(TestRunner.java:739)
at org.testng.TestRunner.run(TestRunner.java:614)
at org.testng.SuiteRunner.runTest(SuiteRunner.java:421)
at org.testng.SuiteRunner.runSequentially(SuiteRunner.java:413)
at org.testng.SuiteRunner.privateRun(SuiteRunner.java:373)
at org.testng.SuiteRunner.run(SuiteRunner.java:312)
at org.testng.SuiteRunnerWorker.runSuite(SuiteRunnerWorker.java:52)
at org.testng.SuiteRunnerWorker.run(SuiteRunnerWorker.java:95)
at org.testng.TestNG.runSuitesSequentially(TestNG.java:1274)
at org.testng.TestNG.runSuitesLocally(TestNG.java:1208)
at org.testng.TestNG.runSuites(TestNG.java:1112)
at org.testng.TestNG.run(TestNG.java:1079)
at org.testng.TestNG.privateMain(TestNG.java:1430)
at org.testng.TestNG.main(TestNG.java:1394)
]]>
    </failure>
    <system-out>
      <![CDATA[- Subscript -> {"called":"subscripts.TesterLeParametreDeCommandeSubscript","iteration":"1/2","type":"dataFile","url":"C:\\Users\\AishwaryaMANORE\\Documents\\AgilitestProjects\\QAFOOD\\target\\classes\\assets\\data\\data_construction_de_commande\\TesterParametreDeCommand.csv","parameters":[{"Browser":"chrome"},{"EmailID":"aishwarya.manore@aldemia.fr"},{"Password":"Password"},{"FoodItem":"Feuilletés poulet bacon"},{"LiveraisonOuEmporter":"Livraison"},{"Temps":"19:30"},{"Toppings":"Sauce douce"}],"name":"construction_de_commande.TesterLeParametreDeCommand","line":0}
- ELEMENT_NOT_FOUND INPUT[name="rpress_user_login",type="AishwaryaMANORE"] after 10407 ms
- ActionText (subscripts.TesterLeParametreDeCommandeSubscript:3) (Executed action :ActionText)
- ActionText (subscripts.TesterLeParametreDeCommandeSubscript:3) (Executed action :ActionText) after 0 ms]]>
    </system-out>
  </testcase> <!-- TcTesterLeParametreDeCommand -->
  <system-out>
    <![CDATA[- Subscript -> {"called":"subscripts.TesterAjouterMultipleArticleAvecMultipleToppingsSubscript","iteration":"1/2","type":"dataFile","url":"C:\\Users\\AishwaryaMANORE\\Documents\\AgilitestProjects\\QAFOOD\\target\\classes\\assets\\data\\data_construction_de_commande\\TesterAjouterMultipleArticleAvecMultipleToppings.csv","parameters":[{"FoodItem":"12 wings"},{"Topping1":"Ketchup"},{"Topping2":"Sauce douce"},{"Topping3":"Sauce piquante"}],"name":"construction_de_commande.TesterAjouterMultipleArticleAvecMultipleToppings","line":0}
- Subscript -> {"condition":{"variable":{"iter":"1"},"compare":{"operator":"==","value":"1"},"continue":true},"called":"subscripts.ParametreDeCommande","iteration":"1/1","type":"dataFile","url":"C:\\Users\\AishwaryaMANORE\\Documents\\AgilitestProjects\\QAFOOD\\target\\classes\\assets\\data\\data_construction_de_commande\\ParametreDeCommande.csv","parameters":[{"LiveraisonOuEmporter":"Livraison"},{"Temps":"19:00"}],"name":"subscripts.TesterAjouterMultipleArticleAvecMultipleToppingsSubscript","line":3}
- Subscript -> {"called":"subscripts.TesterAjouterMultipleArticleAvecMultipleToppingsSubscript","iteration":"2/2","type":"dataFile","url":"C:\\Users\\AishwaryaMANORE\\Documents\\AgilitestProjects\\QAFOOD\\target\\classes\\assets\\data\\data_construction_de_commande\\TesterAjouterMultipleArticleAvecMultipleToppings.csv","parameters":[{"FoodItem":"Feuilletés poulet bacon"},{"Topping1":"Ketchup"},{"Topping2":""},{"Topping3":""}],"name":"construction_de_commande.TesterAjouterMultipleArticleAvecMultipleToppings","line":0}
- Subscript -> {"condition":{"variable":{"iter":"2"},"compare":{"operator":"==","value":"1"},"continue":false},"name":"subscripts.TesterAjouterMultipleArticleAvecMultipleToppingsSubscript","line":3}
- Subscript -> {"called":"subscripts.TesterLeParametreDeCommandeSubscript","iteration":"1/2","type":"dataFile","url":"C:\\Users\\AishwaryaMANORE\\Documents\\AgilitestProjects\\QAFOOD\\target\\classes\\assets\\data\\data_construction_de_commande\\TesterParametreDeCommand.csv","parameters":[{"Browser":"chrome"},{"EmailID":"aishwarya.manore@aldemia.fr"},{"Password":"Password"},{"FoodItem":"Feuilletés poulet bacon"},{"LiveraisonOuEmporter":"Livraison"},{"Temps":"19:30"},{"Toppings":"Sauce douce"}],"name":"construction_de_commande.TesterLeParametreDeCommand","line":0}
- ELEMENT_NOT_FOUND INPUT[name="rpress_user_login",type="AishwaryaMANORE"] after 10407 ms
- ActionText (subscripts.TesterLeParametreDeCommandeSubscript:3) (Executed action :ActionText)
- ActionText (subscripts.TesterLeParametreDeCommandeSubscript:3) (Executed action :ActionText) after 0 ms]]>
  </system-out>
</testsuite> <!-- construction_de_commande.TesterLeParametreDeCommand -->
